
> leasesight-ui@0.1.0 dev
> next dev

▲ Next.js 16.2.4 (Turbopack)
- Local:         http://localhost:3000
- Network:       http://10.120.169.78:3000
- Environments: .env.local
✓ Ready in 710ms
Creating turbopack project {
  dir: 'C:\\Users\\zain\\OneDrive\\Desktop\\LeaseSight\\leasesight-ui',
  testMode: true
}

 GET / 200 in 760ms (next.js: 165ms, proxy.ts: 245ms, application-code: 350ms)
 GET / 200 in 75ms (next.js: 5ms, proxy.ts: 12ms, application-code: 59ms)
 GET / 200 in 87ms (next.js: 7ms, proxy.ts: 12ms, application-code: 68ms)
 GET /login?redirect_url=http%3A%2F%2Flocalhost%3A3000%2Fsettings 200 in 783ms (next.js: 687ms, proxy.ts: 12ms, application-code: 83ms)
 GET / 200 in 248ms (next.js: 12ms, proxy.ts: 53ms, application-code: 183ms)
 GET /login 200 in 150ms (next.js: 27ms, proxy.ts: 32ms, application-code: 91ms)
 GET /login/SignIn_clerk_catchall_check_1780375586676 200 in 183ms (next.js: 18ms, proxy.ts: 19ms, application-code: 146ms)
 GET /login/sso-callback 200 in 91ms (next.js: 15ms, proxy.ts: 24ms, application-code: 52ms)
 GET /login/sso-callback/SignIn_clerk_catchall_check_1780375586892 200 in 183ms (next.js: 21ms, proxy.ts: 37ms, application-code: 125ms)
 GET /login/sso-callback?sign_in_fallback_redirect_url=http%3A%2F%2Flocalhost%3A3000%2Fchoose-package 200 in 165ms (next.js: 47ms, proxy.ts: 38ms, application-code: 80ms)
 GET /login/sso-callback/SignIn_clerk_catchall_check_1780375592065 200 in 197ms (next.js: 16ms, proxy.ts: 14ms, application-code: 167ms)
 GET /login?sign_in_fallback_redirect_url=http%3A%2F%2Flocalhost%3A3000%2Fchoose-package 200 in 92ms (next.js: 13ms, proxy.ts: 25ms, application-code: 54ms)
 GET /login/SignIn_clerk_catchall_check_1780375592373 200 in 325ms (next.js: 16ms, proxy.ts: 36ms, application-code: 273ms)
 GET /login/sso-callback?sign_in_fallback_redirect_url=http%3A%2F%2Flocalhost%3A3000%2Fchoose-package 200 in 134ms (next.js: 36ms, proxy.ts: 20ms, application-code: 77ms)
 GET /login/sso-callback/SignIn_clerk_catchall_check_1780375611213 200 in 229ms (next.js: 21ms, proxy.ts: 13ms, application-code: 196ms)
 GET /login?sign_in_fallback_redirect_url=http%3A%2F%2Flocalhost%3A3000%2Fchoose-package 200 in 72ms (next.js: 11ms, proxy.ts: 18ms, application-code: 43ms)
 GET /login/SignIn_clerk_catchall_check_1780375611543 200 in 114ms (next.js: 10ms, proxy.ts: 24ms, application-code: 79ms)
 GET /login?sign_in_fallback_redirect_url=http%3A%2F%2Flocalhost%3A3000%2Fchoose-package 200 in 5.0s (next.js: 18ms, proxy.ts: 4.9s, application-code: 74ms)
 GET /login/SignIn_clerk_catchall_check_1780375627246 200 in 135ms (next.js: 16ms, proxy.ts: 23ms, application-code: 96ms)
 GET /dashboard/audit 200 in 104ms (next.js: 47ms, proxy.ts: 23ms, application-code: 35ms)
 GET /settings 200 in 3.1s (next.js: 165ms, proxy.ts: 2.8s, application-code: 98ms)
 GET /dashboard/audit 200 in 176ms (next.js: 24ms, proxy.ts: 40ms, application-code: 112ms)
 GET /dashboard/audit 200 in 563ms (next.js: 14ms, proxy.ts: 42ms, application-code: 507ms)
 GET /dashboard/audit 200 in 1201ms (next.js: 20ms, proxy.ts: 1058ms, application-code: 124ms)
 GET /dashboard/audit 200 in 1612ms (next.js: 13ms, proxy.ts: 1288ms, application-code: 311ms)
 GET /dashboard/audit 200 in 354ms (next.js: 5ms, proxy.ts: 246ms, application-code: 102ms)
 GET /dashboard/audit 200 in 400ms (next.js: 7ms, proxy.ts: 267ms, application-code: 127ms)
 GET /settings 200 in 81ms (next.js: 9ms, proxy.ts: 27ms, application-code: 45ms)
 GET /dashboard/audit 200 in 60ms (next.js: 5ms, proxy.ts: 13ms, application-code: 42ms)
 GET /dashboard/audit 200 in 1464ms (next.js: 17ms, proxy.ts: 1092ms, application-code: 355ms)
 GET / 200 in 130ms (next.js: 13ms, proxy.ts: 31ms, application-code: 86ms)
 GET /dashboard/audit 200 in 145ms (next.js: 11ms, proxy.ts: 31ms, application-code: 103ms)
 GET /settings 200 in 122ms (next.js: 14ms, proxy.ts: 45ms, application-code: 64ms)
 GET /dashboard/audit 200 in 114ms (next.js: 10ms, proxy.ts: 32ms, application-code: 72ms)
[?25h
